2021-04-16 10:17:51  [ main:0 ] - [ INFO ]  MLog clients using log4j logging.
2021-04-16 10:17:52  [ main:489 ] - [ INFO ]  Initializing c3p0-0.9.1.2 [built 21-May-2007 15:04:56; debug? true; trace: 10]
2021-04-16 10:17:52  [ main:501 ] - [ DEBUG ]  MBean: com.mchange.v2.c3p0:type=PooledDataSource[1bqz9c1ag1o29ee55v2et7|3f446bef] registered.
2021-04-16 10:17:52  [ main:1093 ] - [ DEBUG ]  incremented pending_acquires: 1
2021-04-16 10:17:52  [ main:1093 ] - [ DEBUG ]  incremented pending_acquires: 2
2021-04-16 10:17:52  [ main:1093 ] - [ DEBUG ]  incremented pending_acquires: 3
2021-04-16 10:17:52  [ main:1094 ] - [ DEBUG ]  com.mchange.v2.resourcepool.BasicResourcePool@3d43fe config: [start -> 3; min -> 3; max -> 15; inc -> 3; num_acq_attempts -> 30; acq_attempt_delay -> 1000; check_idle_resources_delay -> 0; mox_resource_age -> 0; max_idle_time -> 0; excess_max_idle_time -> 0; destroy_unreturned_resc_time -> 0; expiration_enforcement_delay -> 0; break_on_acquisition_failure -> false; debug_store_checkout_exceptions -> false]
2021-04-16 10:17:52  [ main:1096 ] - [ INFO ]  Initializing c3p0 pool... com.mchange.v2.c3p0.ComboPooledDataSource [ acquireIncrement -> 3, acquireRetryAttempts -> 30, acquireRetryDelay -> 1000, autoCommitOnClose -> false, automaticTestTable -> null, breakAfterAcquireFailure -> false, checkoutTimeout -> 0, connectionCustomizerClassName -> null, connectionTesterClassName -> com.mchange.v2.c3p0.impl.DefaultConnectionTester, dataSourceName -> 1bqz9c1ag1o29ee55v2et7|3f446bef, debugUnreturnedConnectionStackTraces -> false, description -> null, driverClass -> com.mysql.jdbc.Driver, factoryClassLocation -> null, forceIgnoreUnresolvedTransactions -> false, identityToken -> 1bqz9c1ag1o29ee55v2et7|3f446bef, idleConnectionTestPeriod -> 0, initialPoolSize -> 3, jdbcUrl -> jdbc:mysql://localhost:3306/automobile?serverTimezone=UTC, maxAdministrativeTaskTime -> 0, maxConnectionAge -> 0, maxIdleTime -> 0, maxIdleTimeExcessConnections -> 0, maxPoolSize -> 15, maxStatements -> 0, maxStatementsPerConnection -> 0, minPoolSize -> 3, numHelperThreads -> 3, numThreadsAwaitingCheckoutDefaultUser -> 0, preferredTestQuery -> null, properties -> {password=******, user=******}, propertyCycle -> 0, testConnectionOnCheckin -> false, testConnectionOnCheckout -> false, unreturnedConnectionTimeout -> 0, usesTraditionalReflectiveProxies -> false ]
2021-04-16 10:17:52  [ main:1096 ] - [ DEBUG ]  acquire test -- pool size: 0; target_pool_size: 3; desired target? 1
2021-04-16 10:17:52  [ main:1097 ] - [ DEBUG ]  awaitAvailable(): [unknown]
2021-04-16 10:17:52  [ main:1097 ] - [ DEBUG ]  trace com.mchange.v2.resourcepool.BasicResourcePool@3d43fe [managed: 0, unused: 0, excluded: 0]
2021-04-16 10:17:52  [ com.mchange.v2.async.ThreadPoolAsynchronousRunner$PoolThread-#2:1303 ] - [ DEBUG ]  com.mchange.v2.c3p0.impl.C3P0PooledConnectionPool$1PooledConnectionResourcePoolManager@4ae1e4fa.acquireResource() returning. 
2021-04-16 10:17:52  [ com.mchange.v2.async.ThreadPoolAsynchronousRunner$PoolThread-#0:1303 ] - [ DEBUG ]  com.mchange.v2.c3p0.impl.C3P0PooledConnectionPool$1PooledConnectionResourcePoolManager@4ae1e4fa.acquireResource() returning. 
2021-04-16 10:17:52  [ com.mchange.v2.async.ThreadPoolAsynchronousRunner$PoolThread-#1:1303 ] - [ DEBUG ]  com.mchange.v2.c3p0.impl.C3P0PooledConnectionPool$1PooledConnectionResourcePoolManager@4ae1e4fa.acquireResource() returning. 
2021-04-16 10:17:52  [ com.mchange.v2.async.ThreadPoolAsynchronousRunner$PoolThread-#2:1306 ] - [ DEBUG ]  trace com.mchange.v2.resourcepool.BasicResourcePool@3d43fe [managed: 1, unused: 1, excluded: 0]
2021-04-16 10:17:52  [ com.mchange.v2.async.ThreadPoolAsynchronousRunner$PoolThread-#2:1306 ] - [ DEBUG ]  decremented pending_acquires: 2
2021-04-16 10:17:52  [ com.mchange.v2.async.ThreadPoolAsynchronousRunner$PoolThread-#1:1307 ] - [ DEBUG ]  trace com.mchange.v2.resourcepool.BasicResourcePool@3d43fe [managed: 2, unused: 1, excluded: 0] (e.g. com.mchange.v2.c3p0.impl.NewPooledConnection@58258ec4)
2021-04-16 10:17:52  [ com.mchange.v2.async.ThreadPoolAsynchronousRunner$PoolThread-#1:1307 ] - [ DEBUG ]  decremented pending_acquires: 1
2021-04-16 10:17:52  [ com.mchange.v2.async.ThreadPoolAsynchronousRunner$PoolThread-#0:1307 ] - [ DEBUG ]  trace com.mchange.v2.resourcepool.BasicResourcePool@3d43fe [managed: 3, unused: 2, excluded: 0] (e.g. com.mchange.v2.c3p0.impl.NewPooledConnection@58258ec4)
2021-04-16 10:17:52  [ com.mchange.v2.async.ThreadPoolAsynchronousRunner$PoolThread-#0:1307 ] - [ DEBUG ]  decremented pending_acquires: 0
2021-04-16 10:17:52  [ main:1307 ] - [ DEBUG ]  trace com.mchange.v2.resourcepool.BasicResourcePool@3d43fe [managed: 3, unused: 2, excluded: 0] (e.g. com.mchange.v2.c3p0.impl.NewPooledConnection@58258ec4)
2021-04-16 10:17:52  [ main:1420 ] - [ DEBUG ]  trace com.mchange.v2.resourcepool.BasicResourcePool@3d43fe [managed: 3, unused: 2, excluded: 0] (e.g. com.mchange.v2.c3p0.impl.NewPooledConnection@58258ec4)
